<?xml version="1.0" encoding="UTF-8"?>
<!-- Generated by org.testng.reporters.JUnitReportReporter -->
<testsuite hostname="lin73001289" failures="0" tests="1" name="stepDefination.Tc02_SearchPet" time="0.014" errors="0" timestamp="13 Oct 2022 09:01:43 GMT" skipped="0">
  <testcase classname="stepDefination.Tc02_SearchPet" name="f" time="0.014"/>
</testsuite> <!-- stepDefination.Tc02_SearchPet -->
