<?xml version="1.0" encoding="UTF-8"?>
<!-- Generated by org.testng.reporters.JUnitReportReporter -->
<testsuite hostname="INLEN8520046722" failures="0" tests="2" name="TestRunner" time="12.124" errors="0" timestamp="01 Nov 2022 06:02:51 GMT" skipped="0">
  <testcase classname="TestRunner" name="runScenario" time="3.224"/>
  <testcase classname="TestRunner" name="runScenario" time="8.900"/>
</testsuite> <!-- TestRunner -->
