<?xml version="1.0" encoding="UTF-8"?>
<!-- Generated by org.testng.reporters.JUnitReportReporter -->
<testsuite hostname="INLEN8520046722" failures="0" tests="7" name="TestRunner" time="43.427" errors="0" timestamp="17 Oct 2022 02:52:15 GMT" skipped="0">
  <testcase classname="TestRunner" name="runScenario" time="6.271"/>
  <testcase classname="TestRunner" name="runScenario" time="6.681"/>
  <testcase classname="TestRunner" name="runScenario" time="8.774"/>
  <testcase classname="TestRunner" name="runScenario" time="6.530"/>
  <testcase classname="TestRunner" name="runScenario" time="5.102"/>
  <testcase classname="TestRunner" name="runScenario" time="5.107"/>
  <testcase classname="TestRunner" name="runScenario" time="4.962"/>
</testsuite> <!-- TestRunner -->
